<?xml version="1.0" encoding="UTF-8"?>
<testsuite xmlns:xsi="http://www.w3.org/2001/XMLSchema-instance" xsi:noNamespaceSchemaLocation="https://maven.apache.org/surefire/maven-surefire-plugin/xsd/surefire-test-report.xsd" name="epam.project.service.impl.UserServiceTest" time="0" tests="2" errors="2" skipped="0" failures="0">
  <properties>
    <property name="sun.desktop" value="windows"/>
    <property name="awt.toolkit" value="sun.awt.windows.WToolkit"/>
    <property name="file.encoding.pkg" value="sun.io"/>
    <property name="java.specification.version" value="1.8"/>
    <property name="sun.cpu.isalist" value="amd64"/>
    <property name="sun.jnu.encoding" value="Cp1251"/>
    <property name="java.class.path" value="C:\Users\Kostya\Desktop\Project\Bicycle_hire-Homich.K\target\test-classes;C:\Users\Kostya\Desktop\Project\Bicycle_hire-Homich.K\target\classes;C:\Users\Kostya\.m2\repository\log4j\log4j\1.2.17\log4j-1.2.17.jar;C:\Users\Kostya\.m2\repository\org\projectlombok\lombok\1.18.4\lombok-1.18.4.jar;C:\Users\Kostya\.m2\repository\junit\junit\4.11\junit-4.11.jar;C:\Users\Kostya\.m2\repository\org\hamcrest\hamcrest-core\1.3\hamcrest-core-1.3.jar;C:\Users\Kostya\.m2\repository\javax\servlet\javax.servlet-api\3.1.0\javax.servlet-api-3.1.0.jar;C:\Users\Kostya\.m2\repository\org\mockito\mockito-core\2.23.0\mockito-core-2.23.0.jar;C:\Users\Kostya\.m2\repository\net\bytebuddy\byte-buddy\1.9.0\byte-buddy-1.9.0.jar;C:\Users\Kostya\.m2\repository\net\bytebuddy\byte-buddy-agent\1.9.0\byte-buddy-agent-1.9.0.jar;C:\Users\Kostya\.m2\repository\org\objenesis\objenesis\2.6\objenesis-2.6.jar;C:\Users\Kostya\.m2\repository\javax\mail\mail\1.4\mail-1.4.jar;C:\Users\Kostya\.m2\repository\javax\activation\activation\1.1\activation-1.1.jar;C:\Users\Kostya\.m2\repository\jstl\jstl\1.2\jstl-1.2.jar;C:\Users\Kostya\.m2\repository\com\h2database\h2\1.4.196\h2-1.4.196.jar;C:\Users\Kostya\.m2\repository\mysql\mysql-connector-java\8.0.15\mysql-connector-java-8.0.15.jar;C:\Users\Kostya\.m2\repository\com\google\protobuf\protobuf-java\3.6.1\protobuf-java-3.6.1.jar;"/>
    <property name="java.vm.vendor" value="Oracle Corporation"/>
    <property name="sun.arch.data.model" value="64"/>
    <property name="user.variant" value=""/>
    <property name="java.vendor.url" value="http://java.oracle.com/"/>
    <property name="user.timezone" value="Europe/Minsk"/>
    <property name="java.vm.specification.version" value="1.8"/>
    <property name="os.name" value="Windows 10"/>
    <property name="user.country" value="RU"/>
    <property name="sun.java.launcher" value="SUN_STANDARD"/>
    <property name="sun.boot.library.path" value="C:\Program Files\Java\jdk1.8.0_191\jre\bin"/>
    <property name="sun.java.command" value="C:\Users\Kostya\AppData\Local\Temp\surefire6607069202079570439\surefirebooter4637203255506216365.jar C:\Users\Kostya\AppData\Local\Temp\surefire6607069202079570439 2019-03-04T17-33-25_670-jvmRun1 surefire7791461633880474377tmp surefire_07087214768744589088tmp"/>
    <property name="surefire.test.class.path" value="C:\Users\Kostya\Desktop\Project\Bicycle_hire-Homich.K\target\test-classes;C:\Users\Kostya\Desktop\Project\Bicycle_hire-Homich.K\target\classes;C:\Users\Kostya\.m2\repository\log4j\log4j\1.2.17\log4j-1.2.17.jar;C:\Users\Kostya\.m2\repository\org\projectlombok\lombok\1.18.4\lombok-1.18.4.jar;C:\Users\Kostya\.m2\repository\junit\junit\4.11\junit-4.11.jar;C:\Users\Kostya\.m2\repository\org\hamcrest\hamcrest-core\1.3\hamcrest-core-1.3.jar;C:\Users\Kostya\.m2\repository\javax\servlet\javax.servlet-api\3.1.0\javax.servlet-api-3.1.0.jar;C:\Users\Kostya\.m2\repository\org\mockito\mockito-core\2.23.0\mockito-core-2.23.0.jar;C:\Users\Kostya\.m2\repository\net\bytebuddy\byte-buddy\1.9.0\byte-buddy-1.9.0.jar;C:\Users\Kostya\.m2\repository\net\bytebuddy\byte-buddy-agent\1.9.0\byte-buddy-agent-1.9.0.jar;C:\Users\Kostya\.m2\repository\org\objenesis\objenesis\2.6\objenesis-2.6.jar;C:\Users\Kostya\.m2\repository\javax\mail\mail\1.4\mail-1.4.jar;C:\Users\Kostya\.m2\repository\javax\activation\activation\1.1\activation-1.1.jar;C:\Users\Kostya\.m2\repository\jstl\jstl\1.2\jstl-1.2.jar;C:\Users\Kostya\.m2\repository\com\h2database\h2\1.4.196\h2-1.4.196.jar;C:\Users\Kostya\.m2\repository\mysql\mysql-connector-java\8.0.15\mysql-connector-java-8.0.15.jar;C:\Users\Kostya\.m2\repository\com\google\protobuf\protobuf-java\3.6.1\protobuf-java-3.6.1.jar;"/>
    <property name="sun.cpu.endian" value="little"/>
    <property name="user.home" value="C:\Users\Kostya"/>
    <property name="user.language" value="ru"/>
    <property name="java.specification.vendor" value="Oracle Corporation"/>
    <property name="java.home" value="C:\Program Files\Java\jdk1.8.0_191\jre"/>
    <property name="basedir" value="C:\Users\Kostya\Desktop\Project\Bicycle_hire-Homich.K"/>
    <property name="file.separator" value="\"/>
    <property name="line.separator" value="&#10;"/>
    <property name="java.vm.specification.vendor" value="Oracle Corporation"/>
    <property name="java.specification.name" value="Java Platform API Specification"/>
    <property name="java.awt.graphicsenv" value="sun.awt.Win32GraphicsEnvironment"/>
    <property name="surefire.real.class.path" value="C:\Users\Kostya\AppData\Local\Temp\surefire6607069202079570439\surefirebooter4637203255506216365.jar"/>
    <property name="sun.boot.class.path" value="C:\Program Files\Java\jdk1.8.0_191\jre\lib\resources.jar;C:\Program Files\Java\jdk1.8.0_191\jre\lib\rt.jar;C:\Program Files\Java\jdk1.8.0_191\jre\lib\sunrsasign.jar;C:\Program Files\Java\jdk1.8.0_191\jre\lib\jsse.jar;C:\Program Files\Java\jdk1.8.0_191\jre\lib\jce.jar;C:\Program Files\Java\jdk1.8.0_191\jre\lib\charsets.jar;C:\Program Files\Java\jdk1.8.0_191\jre\lib\jfr.jar;C:\Program Files\Java\jdk1.8.0_191\jre\classes"/>
    <property name="user.script" value=""/>
    <property name="sun.management.compiler" value="HotSpot 64-Bit Tiered Compilers"/>
    <property name="java.runtime.version" value="1.8.0_191-b12"/>
    <property name="user.name" value="Kostya"/>
    <property name="path.separator" value=";"/>
    <property name="os.version" value="10.0"/>
    <property name="java.endorsed.dirs" value="C:\Program Files\Java\jdk1.8.0_191\jre\lib\endorsed"/>
    <property name="java.runtime.name" value="Java(TM) SE Runtime Environment"/>
    <property name="file.encoding" value="Cp1251"/>
    <property name="java.vm.name" value="Java HotSpot(TM) 64-Bit Server VM"/>
    <property name="localRepository" value="C:\Users\Kostya\.m2\repository"/>
    <property name="java.vendor.url.bug" value="http://bugreport.sun.com/bugreport/"/>
    <property name="java.io.tmpdir" value="C:\Users\Kostya\AppData\Local\Temp\"/>
    <property name="idea.version" value="2018.3.5"/>
    <property name="java.version" value="1.8.0_191"/>
    <property name="user.dir" value="C:\Users\Kostya\Desktop\Project\Bicycle_hire-Homich.K"/>
    <property name="os.arch" value="amd64"/>
    <property name="java.vm.specification.name" value="Java Virtual Machine Specification"/>
    <property name="java.awt.printerjob" value="sun.awt.windows.WPrinterJob"/>
    <property name="sun.os.patch.level" value=""/>
    <property name="java.library.path" value="C:\Program Files\Java\jdk1.8.0_191\jre\bin;C:\WINDOWS\Sun\Java\bin;C:\WINDOWS\system32;C:\WINDOWS;C:\Program Files (x86)\Common Files\Oracle\Java\javapath;C:\Program Files (x86)\Common Files\Intel\Shared Files\cpp\bin\Intel64;C:\Program Files\Microsoft MPI\Bin\;C:\Program Files (x86)\Intel\iCLS Client\;C:\Program Files\Intel\iCLS Client\;C:\Windows\system32;C:\Windows;C:\Windows\System32\Wbem;C:\Windows\System32\WindowsPowerShell\v1.0\;C:\Program Files (x86)\Intel\Intel(R) Management Engine Components\DAL;C:\Program Files\Intel\Intel(R) Management Engine Components\DAL;C:\Program Files (x86)\Intel\Intel(R) Management Engine Components\IPT;C:\Program Files\Intel\Intel(R) Management Engine Components\IPT;C:\Program Files\Microsoft SQL Server\130\Tools\Binn\;C:\Program Files (x86)\Microsoft SQL Server\90\Tools\binn\;C:\WINDOWS\system32;C:\WINDOWS;C:\WINDOWS\System32\Wbem;C:\WINDOWS\System32\WindowsPowerShell\v1.0\;C:\Program Files (x86)\GtkSharp\2.12\bin;C:\Program Files\dotnet\;C:\Program Files (x86)\Microsoft SQL Server\140\Tools\Binn\;C:\Program Files\Microsoft SQL Server\140\Tools\Binn\;C:\Program Files (x86)\Microsoft SQL Server\140\DTS\Binn\;C:\Program Files\Microsoft SQL Server\140\DTS\Binn\;C:\Program Files\Microsoft SQL Server\Client SDK\ODBC\130\Tools\Binn\;C:\Program Files (x86)\Microsoft SQL Server\Client SDK\ODBC\130\Tools\Binn\;C:\Program Files (x86)\Microsoft SQL Server\140\Tools\Binn\ManagementStudio\;C:\WINDOWS\System32\OpenSSH\;C:\Program Files (x86)\NVIDIA Corporation\PhysX\Common;C:\Program Files\Common Files\Autodesk Shared\;C:\Program Files (x86)\Autodesk\Backburner\;C:\Program Files\Intel\WiFi\bin\;C:\Program Files\Common Files\Intel\WirelessCommon\;C:\Program Files\Java\jdk1.8.0_191\bin;C:\Program Files\Java\jre1.8.0_191\bin;C:\Program Files\NVIDIA Corporation\NVIDIA NvDLISR;D:\programms\Git\cmd;D:\apache-maven-3.6.0\bin;C:\Users\Kostya\AppData\Local\Microsoft\WindowsApps;C:\Users\Kostya\AppData\Local\GitHubDesktop\bin;C:\Users\Kostya\AppData\Local\Microsoft\WindowsApps;;D:\Program Files (x86)\IntelliJ IDEA 2018.3.5\bin;;."/>
    <property name="java.vm.info" value="mixed mode"/>
    <property name="java.vendor" value="Oracle Corporation"/>
    <property name="java.vm.version" value="25.191-b12"/>
    <property name="java.ext.dirs" value="C:\Program Files\Java\jdk1.8.0_191\jre\lib\ext;C:\WINDOWS\Sun\Java\lib\ext"/>
    <property name="sun.io.unicode.encoding" value="UnicodeLittle"/>
    <property name="java.class.version" value="52.0"/>
  </properties>
  <testcase name="takeAll" classname="epam.project.service.impl.UserServiceTest" time="0">
    <error type="java.lang.reflect.UndeclaredThrowableException">java.lang.reflect.UndeclaredThrowableException
	at epam.project.service.impl.UserServiceTest.takeAll(UserServiceTest.java:36)
Caused by: epam.project.database.dao.exception.ConnectionPoolException: Initialize error.
	at epam.project.service.impl.UserServiceTest.takeAll(UserServiceTest.java:36)
Caused by: java.sql.SQLNonTransientConnectionException: Cannot load connection class because of underlying exception: com.mysql.cj.exceptions.WrongArgumentException: Failed to parse the host:port pair 'null:null'.
	at epam.project.service.impl.UserServiceTest.takeAll(UserServiceTest.java:36)
Caused by: com.mysql.cj.exceptions.UnableToConnectException: Cannot load connection class because of underlying exception: com.mysql.cj.exceptions.WrongArgumentException: Failed to parse the host:port pair 'null:null'.
	at epam.project.service.impl.UserServiceTest.takeAll(UserServiceTest.java:36)
Caused by: com.mysql.cj.exceptions.WrongArgumentException: Failed to parse the host:port pair 'null:null'.
	at epam.project.service.impl.UserServiceTest.takeAll(UserServiceTest.java:36)
Caused by: java.lang.NumberFormatException: For input string: "null"
	at epam.project.service.impl.UserServiceTest.takeAll(UserServiceTest.java:36)
</error>
  </testcase>
  <testcase name="register" classname="epam.project.service.impl.UserServiceTest" time="0">
    <error type="java.lang.reflect.UndeclaredThrowableException">java.lang.reflect.UndeclaredThrowableException
	at epam.project.service.impl.UserServiceTest.register(UserServiceTest.java:44)
Caused by: epam.project.database.dao.exception.ConnectionPoolException: Initialize error.
	at epam.project.service.impl.UserServiceTest.register(UserServiceTest.java:44)
Caused by: java.sql.SQLNonTransientConnectionException: Cannot load connection class because of underlying exception: com.mysql.cj.exceptions.WrongArgumentException: Failed to parse the host:port pair 'null:null'.
	at epam.project.service.impl.UserServiceTest.register(UserServiceTest.java:44)
Caused by: com.mysql.cj.exceptions.UnableToConnectException: Cannot load connection class because of underlying exception: com.mysql.cj.exceptions.WrongArgumentException: Failed to parse the host:port pair 'null:null'.
	at epam.project.service.impl.UserServiceTest.register(UserServiceTest.java:44)
Caused by: com.mysql.cj.exceptions.WrongArgumentException: Failed to parse the host:port pair 'null:null'.
	at epam.project.service.impl.UserServiceTest.register(UserServiceTest.java:44)
Caused by: java.lang.NumberFormatException: For input string: "null"
	at epam.project.service.impl.UserServiceTest.register(UserServiceTest.java:44)
</error>
  </testcase>
</testsuite>